<?xml version="1.0" encoding="UTF-8"?>
<!-- Generated by org.testng.reporters.JUnitReportReporter -->
<testsuite hostname="DESKTOP-53I2N0G" failures="0" tests="1" name="com.OpenWeatherMap.TestCases.TC005Tokyo" time="1.416" errors="0" timestamp="2021-12-18T14:05:34 PST" skipped="0">
  <testcase classname="com.OpenWeatherMap.TestCases.TC005Tokyo" name="WeatherNewYork" time="1.416"/>
  <system-out/>
</testsuite> <!-- com.OpenWeatherMap.TestCases.TC005Tokyo -->
