<?xml version="1.0" encoding="UTF-8"?>
<!-- Generated by org.testng.reporters.JUnitReportReporter -->
<testsuite hostname="DESKTOP-53I2N0G" failures="0" tests="1" name="com.OpenWeatherMap.TestCases.TC002Paris" time="1.561" errors="0" timestamp="2021-12-18T14:05:34 PST" skipped="0">
  <testcase classname="com.OpenWeatherMap.TestCases.TC002Paris" name="WeatherParis" time="1.561"/>
  <system-out/>
</testsuite> <!-- com.OpenWeatherMap.TestCases.TC002Paris -->
