<?xml version="1.0" encoding="UTF-8"?>
<!-- Generated by org.testng.reporters.JUnitReportReporter -->
<testsuite hostname="DESKTOP-53I2N0G" failures="0" tests="1" name="com.OpenWeatherMap.TestCases.TC001London" time="6.217" errors="0" timestamp="2021-12-18T14:05:34 PST" skipped="0">
  <testcase classname="com.OpenWeatherMap.TestCases.TC001London" name="WeatherLondon" time="6.217"/>
  <system-out/>
</testsuite> <!-- com.OpenWeatherMap.TestCases.TC001London -->
